[2024-12-08 20:56:08,193] [INFO] --- Database dropped (database.py:42)
[2024-12-08 20:56:09,669] [INFO] --- Database created (database.py:36)
[2024-12-08 20:56:12,038] [INFO] --- Registered user: maksim81@example.com (user.py:37)
[2024-12-08 20:56:12,192] [INFO] --- Registered user: evstigne_96@example.com (user.py:37)
[2024-12-08 20:56:12,340] [INFO] --- Registered user: anikesuvorov@example.com (user.py:37)
[2024-12-08 20:56:12,508] [INFO] --- Registered user: zhanna44@example.net (user.py:37)
[2024-12-08 20:56:12,655] [INFO] --- Registered user: tit_1998@example.com (user.py:37)
[2024-12-08 20:56:12,792] [INFO] --- Registered user: andronik36@example.com (user.py:37)
[2024-12-08 20:56:12,918] [INFO] --- Registered user: fekla_68@example.net (user.py:37)
[2024-12-08 20:56:13,065] [INFO] --- Registered user: ponomarevaalla@example.org (user.py:37)
[2024-12-08 20:56:13,202] [INFO] --- Registered user: avdeevpavel@example.org (user.py:37)
[2024-12-08 20:56:13,403] [INFO] --- Registered user: popovevstigne@example.com (user.py:37)
[2024-12-08 20:56:13,512] [INFO] --- Added section: name = Отдел автоматизации процессов (section.py:18)
[2024-12-08 20:56:13,634] [INFO] --- Added section: name = Отдел интеграции и API (section.py:18)
[2024-12-08 20:56:13,714] [INFO] --- Added section: name = Отдел безопасности сетевой инфраструктуры (section.py:18)
[2024-12-08 20:56:13,897] [INFO] --- Added section: name = Отдел разработки веб-приложений (section.py:18)
[2024-12-08 20:56:14,002] [INFO] --- Added section: name = Отдел проектирования баз данных (section.py:18)
[2024-12-08 20:56:14,150] [INFO] --- Added section: name = Отдел аналитики и отчетности (section.py:18)
[2024-12-08 20:56:14,382] [INFO] --- Added section: name = Отдел разработки систем для электронной коммерции (section.py:18)
[2024-12-08 20:56:14,498] [INFO] --- Added section: name = Отдел аналитики и отчетности (section.py:18)
[2024-12-08 20:56:14,698] [INFO] --- Added section: name = Отдел информационной безопасности (section.py:18)
[2024-12-08 20:56:14,802] [INFO] --- Added section: name = Отдел аналитики и отчетности (section.py:18)
[2024-12-08 20:56:14,954] [INFO] --- Added position: name = Фотомодель (position.py:18)
[2024-12-08 20:56:15,174] [INFO] --- Added position: name = Гитарист (position.py:18)
[2024-12-08 20:56:15,322] [INFO] --- Added position: name = Ракетчик (position.py:18)
[2024-12-08 20:56:15,468] [INFO] --- Added position: name = Учитель (position.py:18)
[2024-12-08 20:56:15,637] [INFO] --- Added position: name = Фрезеровщик (position.py:18)
[2024-12-08 20:56:15,795] [INFO] --- Added position: name = Психиатр (position.py:18)
[2024-12-08 20:56:15,974] [INFO] --- Added position: name = Шлифовщик (position.py:18)
[2024-12-08 20:56:16,111] [INFO] --- Added position: name = Наводчик орудия (position.py:18)
[2024-12-08 20:56:16,279] [INFO] --- Added position: name = Дефектолог (position.py:18)
[2024-12-08 20:56:16,459] [INFO] --- Added position: name = Адвокат (position.py:18)
[2024-12-08 20:56:16,786] [INFO] --- Added vacation: giver: 4, receiver: 5, start date: 2024-12-02 end date: 2024-12-30 (vacation.py:24)
[2024-12-08 20:56:16,908] [INFO] --- Added vacation: giver: 3, receiver: 3, start date: 2024-12-05 end date: 2024-12-11 (vacation.py:24)
[2024-12-08 20:56:17,055] [INFO] --- Added vacation: giver: 1, receiver: 6, start date: 2024-12-04 end date: 2024-12-17 (vacation.py:24)
[2024-12-08 20:56:17,160] [INFO] --- Added vacation: giver: 9, receiver: 9, start date: 2024-12-04 end date: 2024-12-30 (vacation.py:24)
[2024-12-08 20:56:17,276] [INFO] --- Added vacation: giver: 10, receiver: 9, start date: 2024-12-04 end date: 2024-12-26 (vacation.py:24)
[2024-12-08 20:56:17,392] [INFO] --- Added vacation: giver: 7, receiver: 3, start date: 2024-12-05 end date: 2024-12-27 (vacation.py:24)
[2024-12-08 20:56:17,507] [INFO] --- Added vacation: giver: 5, receiver: 9, start date: 2024-12-01 end date: 2024-12-25 (vacation.py:24)
[2024-12-08 20:56:17,655] [INFO] --- Added vacation: giver: 6, receiver: 9, start date: 2024-12-05 end date: 2024-12-20 (vacation.py:24)
[2024-12-08 20:56:17,918] [INFO] --- Added vacation: giver: 3, receiver: 5, start date: 2024-12-05 end date: 2024-12-26 (vacation.py:24)
[2024-12-08 20:56:18,118] [INFO] --- Added vacation: giver: 9, receiver: 2, start date: 2024-12-03 end date: 2024-12-31 (vacation.py:24)
